2023-05-22T20:17:42.175Z INFO @wdio/local-runner: Run worker command: run
2023-05-22T20:17:42.218Z DEBUG @wdio/runner: init remote session
2023-05-22T20:17:42.280Z DEBUG @wdio/runner: init remote session
2023-05-22T20:17:42.284Z INFO devtools:puppeteer: Initiate new session using the DevTools protocol
2023-05-22T20:17:42.287Z INFO devtools: Launch Google Chrome (undefined) with flags: --enable-automation --disable-popup-blocking --disable-extensions --disable-background-networking --disable-background-timer-throttling --disable-backgrounding-occluded-windows --disable-sync --metrics-recording-only --disable-default-apps --mute-audio --no-first-run --no-default-browser-check --disable-hang-monitor --disable-prompt-on-repost --disable-client-side-phishing-detection --password-store=basic --use-mock-keychain --disable-component-extensions-with-background-pages --disable-breakpad --disable-dev-shm-usage --disable-ipc-flooding-protection --disable-renderer-backgrounding --force-fieldtrials=*BackgroundTracing/default/ --enable-features=NetworkService,NetworkServiceInProcess --disable-features=site-per-process,TranslateUI,BlinkGenPropertyTrees --window-position=0,0 --window-size=1200,900 --headless --no-sandbox
2023-05-22T20:17:42.806Z INFO devtools: Connect Puppeteer with browser on port 52886
2023-05-22T20:17:42.844Z INFO devtools: COMMAND navigateTo("http://the-internet.herokuapp.com/login")
2023-05-22T20:17:45.122Z INFO devtools: RESULT null
2023-05-22T20:17:45.124Z INFO devtools: COMMAND findElement("css selector", "#username")
2023-05-22T20:17:45.132Z INFO devtools: RESULT { 'element-6066-11e4-a52e-4f735466cecf': 'ELEMENT-1' }
2023-05-22T20:17:45.135Z INFO devtools: COMMAND elementClear("ELEMENT-1")
2023-05-22T20:17:45.137Z INFO devtools: RESULT null
2023-05-22T20:17:45.138Z INFO devtools: COMMAND elementSendKeys("ELEMENT-1", "foo")
2023-05-22T20:17:45.151Z INFO devtools: RESULT null
2023-05-22T20:17:45.152Z INFO devtools: COMMAND findElement("css selector", "#password")
2023-05-22T20:17:45.152Z INFO devtools: RESULT { 'element-6066-11e4-a52e-4f735466cecf': 'ELEMENT-2' }
2023-05-22T20:17:45.157Z INFO devtools: COMMAND elementClear("ELEMENT-2")
2023-05-22T20:17:45.158Z INFO devtools: RESULT null
2023-05-22T20:17:45.159Z INFO devtools: COMMAND elementSendKeys("ELEMENT-2", "bar")
2023-05-22T20:17:45.171Z INFO devtools: RESULT null
2023-05-22T20:17:45.171Z INFO devtools: COMMAND findElement("css selector", "#login button[type=submit]")
2023-05-22T20:17:45.172Z INFO devtools: RESULT { 'element-6066-11e4-a52e-4f735466cecf': 'ELEMENT-3' }
2023-05-22T20:17:45.173Z INFO devtools: COMMAND elementClick("ELEMENT-3")
2023-05-22T20:17:45.181Z INFO devtools: RESULT null
2023-05-22T20:17:45.516Z INFO devtools: COMMAND findElement("css selector", "#flash")
2023-05-22T20:17:45.520Z INFO devtools: RESULT { 'element-6066-11e4-a52e-4f735466cecf': 'ELEMENT-4' }
2023-05-22T20:17:45.522Z INFO devtools: COMMAND executeScript(<fn>, <object>)
2023-05-22T20:17:45.525Z INFO devtools: RESULT true
2023-05-22T20:17:45.526Z INFO devtools: COMMAND findElement("css selector", "#flash")
2023-05-22T20:17:45.526Z INFO devtools: RESULT { 'element-6066-11e4-a52e-4f735466cecf': 'ELEMENT-5' }
2023-05-22T20:17:45.528Z INFO devtools: COMMAND takeElementScreenshot("ELEMENT-5")
2023-05-22T20:17:45.566Z INFO devtools: RESULT iVBORw0KGgoAAAANSUhEUgAAB5QAAABICAYAAAA5+8kDAAABL2lDQ1BTa2lhA...
2023-05-22T20:17:45.569Z INFO devtools: COMMAND findElement("css selector", "#flash")
2023-05-22T20:17:45.569Z INFO devtools: RESULT { 'element-6066-11e4-a52e-4f735466cecf': 'ELEMENT-6' }
2023-05-22T20:17:45.571Z INFO devtools: COMMAND getElementText("ELEMENT-6")
2023-05-22T20:17:45.573Z INFO devtools: RESULT  Your username is invalid!
×
2023-05-22T20:17:45.575Z INFO devtools: COMMAND navigateTo("http://the-internet.herokuapp.com/login")
2023-05-22T20:17:45.716Z INFO devtools: RESULT null
2023-05-22T20:17:45.717Z INFO devtools: COMMAND findElement("css selector", "#username")
2023-05-22T20:17:45.720Z INFO devtools: RESULT { 'element-6066-11e4-a52e-4f735466cecf': 'ELEMENT-7' }
2023-05-22T20:17:45.722Z INFO devtools: COMMAND elementClear("ELEMENT-7")
2023-05-22T20:17:45.724Z INFO devtools: RESULT null
2023-05-22T20:17:45.725Z INFO devtools: COMMAND elementSendKeys("ELEMENT-7", "<Screenshot[base64]>")
2023-05-22T20:17:45.735Z INFO devtools: RESULT null
2023-05-22T20:17:45.736Z INFO devtools: COMMAND findElement("css selector", "#password")
2023-05-22T20:17:45.736Z INFO devtools: RESULT { 'element-6066-11e4-a52e-4f735466cecf': 'ELEMENT-8' }
2023-05-22T20:17:45.737Z INFO devtools: COMMAND elementClear("ELEMENT-8")
2023-05-22T20:17:45.738Z INFO devtools: RESULT null
2023-05-22T20:17:45.739Z INFO devtools: COMMAND elementSendKeys("ELEMENT-8", "SuperSecretPassword!")
2023-05-22T20:17:45.751Z INFO devtools: RESULT null
2023-05-22T20:17:45.752Z INFO devtools: COMMAND findElement("css selector", "#password")
2023-05-22T20:17:45.752Z INFO devtools: RESULT { 'element-6066-11e4-a52e-4f735466cecf': 'ELEMENT-9' }
2023-05-22T20:17:45.755Z INFO devtools: COMMAND takeElementScreenshot("ELEMENT-9")
2023-05-22T20:17:45.794Z INFO devtools: RESULT iVBORw0KGgoAAAANSUhEUgAAA6wAAABCCAYAAABTnVsrAAABL2lDQ1BTa2lhA...
2023-05-22T20:17:45.796Z INFO devtools: COMMAND findElement("css selector", "#login button[type=submit]")
2023-05-22T20:17:45.796Z INFO devtools: RESULT { 'element-6066-11e4-a52e-4f735466cecf': 'ELEMENT-10' }
2023-05-22T20:17:45.797Z INFO devtools: COMMAND elementClick("ELEMENT-10")
2023-05-22T20:17:45.810Z INFO devtools: RESULT null
2023-05-22T20:17:46.138Z INFO devtools: COMMAND findElement("css selector", "#flash")
2023-05-22T20:17:46.141Z INFO devtools: RESULT { 'element-6066-11e4-a52e-4f735466cecf': 'ELEMENT-11' }
2023-05-22T20:17:46.143Z INFO devtools: COMMAND executeScript(<fn>, <object>)
2023-05-22T20:17:46.145Z INFO devtools: RESULT true
2023-05-22T20:17:46.146Z INFO devtools: COMMAND findElement("css selector", "#flash")
2023-05-22T20:17:46.146Z INFO devtools: RESULT { 'element-6066-11e4-a52e-4f735466cecf': 'ELEMENT-12' }
2023-05-22T20:17:46.148Z INFO devtools: COMMAND takeElementScreenshot("ELEMENT-12")
2023-05-22T20:17:46.181Z INFO devtools: RESULT iVBORw0KGgoAAAANSUhEUgAAB5QAAABICAYAAAA5+8kDAAABL2lDQ1BTa2lhA...
2023-05-22T20:17:46.182Z INFO devtools: COMMAND findElement("css selector", "#flash")
2023-05-22T20:17:46.183Z INFO devtools: RESULT { 'element-6066-11e4-a52e-4f735466cecf': 'ELEMENT-13' }
2023-05-22T20:17:46.184Z INFO devtools: COMMAND getElementText("ELEMENT-13")
2023-05-22T20:17:46.185Z INFO devtools: RESULT  You logged into a secure area!
×
2023-05-22T20:17:46.187Z INFO devtools: COMMAND deleteSession()
2023-05-22T20:17:46.187Z INFO devtools: RESULT null
