2023-05-22T20:17:42.176Z INFO @wdio/local-runner: Run worker command: run
2023-05-22T20:17:42.219Z DEBUG @wdio/runner: init remote session
2023-05-22T20:17:42.276Z DEBUG @wdio/runner: init remote session
2023-05-22T20:17:42.281Z INFO devtools:puppeteer: Initiate new session using the DevTools protocol
2023-05-22T20:17:42.282Z INFO devtools: Launch Google Chrome (undefined) with flags: --enable-automation --disable-popup-blocking --disable-extensions --disable-background-networking --disable-background-timer-throttling --disable-backgrounding-occluded-windows --disable-sync --metrics-recording-only --disable-default-apps --mute-audio --no-first-run --no-default-browser-check --disable-hang-monitor --disable-prompt-on-repost --disable-client-side-phishing-detection --password-store=basic --use-mock-keychain --disable-component-extensions-with-background-pages --disable-breakpad --disable-dev-shm-usage --disable-ipc-flooding-protection --disable-renderer-backgrounding --force-fieldtrials=*BackgroundTracing/default/ --enable-features=NetworkService,NetworkServiceInProcess --disable-features=site-per-process,TranslateUI,BlinkGenPropertyTrees --window-position=0,0 --window-size=1200,900 --headless --no-sandbox
2023-05-22T20:17:42.806Z INFO devtools: Connect Puppeteer with browser on port 52885
2023-05-22T20:17:42.847Z INFO devtools: COMMAND navigateTo("http://the-internet.herokuapp.com/checkboxes")
2023-05-22T20:17:44.921Z INFO devtools: RESULT null
2023-05-22T20:17:44.924Z INFO devtools: COMMAND findElement("css selector", "#checkboxes input:first-Child")
2023-05-22T20:17:44.935Z INFO devtools: RESULT { 'element-6066-11e4-a52e-4f735466cecf': 'ELEMENT-1' }
2023-05-22T20:17:44.939Z INFO devtools: COMMAND isElementSelected("ELEMENT-1")
2023-05-22T20:17:44.942Z INFO devtools: RESULT false
2023-05-22T20:17:44.944Z INFO devtools: COMMAND findElement("css selector", "#checkboxes input:last-Child")
2023-05-22T20:17:44.944Z INFO devtools: RESULT { 'element-6066-11e4-a52e-4f735466cecf': 'ELEMENT-2' }
2023-05-22T20:17:44.946Z INFO devtools: COMMAND isElementSelected("ELEMENT-2")
2023-05-22T20:17:44.948Z INFO devtools: RESULT true
2023-05-22T20:17:44.950Z INFO devtools: COMMAND navigateTo("http://the-internet.herokuapp.com/checkboxes")
2023-05-22T20:17:45.085Z INFO devtools: RESULT null
2023-05-22T20:17:45.085Z INFO devtools: COMMAND findElement("css selector", "#checkboxes input:first-Child")
2023-05-22T20:17:45.088Z INFO devtools: RESULT { 'element-6066-11e4-a52e-4f735466cecf': 'ELEMENT-3' }
2023-05-22T20:17:45.089Z INFO devtools: COMMAND isElementSelected("ELEMENT-3")
2023-05-22T20:17:45.091Z INFO devtools: RESULT false
2023-05-22T20:17:45.092Z INFO devtools: COMMAND findElement("css selector", "#checkboxes input:first-Child")
2023-05-22T20:17:45.092Z INFO devtools: RESULT { 'element-6066-11e4-a52e-4f735466cecf': 'ELEMENT-4' }
2023-05-22T20:17:45.093Z INFO devtools: COMMAND elementClick("ELEMENT-4")
2023-05-22T20:17:45.123Z INFO devtools: RESULT null
2023-05-22T20:17:45.124Z INFO devtools: COMMAND findElement("css selector", "#checkboxes input:first-Child")
2023-05-22T20:17:45.124Z INFO devtools: RESULT { 'element-6066-11e4-a52e-4f735466cecf': 'ELEMENT-5' }
2023-05-22T20:17:45.126Z INFO devtools: COMMAND isElementSelected("ELEMENT-5")
2023-05-22T20:17:45.127Z INFO devtools: RESULT true
2023-05-22T20:17:45.129Z INFO devtools: COMMAND deleteSession()
2023-05-22T20:17:45.129Z INFO devtools: RESULT null
