2023-05-22T20:17:42.176Z INFO @wdio/local-runner: Run worker command: run
2023-05-22T20:17:42.219Z DEBUG @wdio/runner: init remote session
2023-05-22T20:17:42.276Z DEBUG @wdio/runner: init remote session
2023-05-22T20:17:42.281Z INFO devtools:puppeteer: Initiate new session using the DevTools protocol
2023-05-22T20:17:42.282Z INFO devtools: Launch Google Chrome (undefined) with flags: --enable-automation --disable-popup-blocking --disable-extensions --disable-background-networking --disable-background-timer-throttling --disable-backgrounding-occluded-windows --disable-sync --metrics-recording-only --disable-default-apps --mute-audio --no-first-run --no-default-browser-check --disable-hang-monitor --disable-prompt-on-repost --disable-client-side-phishing-detection --password-store=basic --use-mock-keychain --disable-component-extensions-with-background-pages --disable-breakpad --disable-dev-shm-usage --disable-ipc-flooding-protection --disable-renderer-backgrounding --force-fieldtrials=*BackgroundTracing/default/ --enable-features=NetworkService,NetworkServiceInProcess --disable-features=site-per-process,TranslateUI,BlinkGenPropertyTrees --window-position=0,0 --window-size=1200,900 --headless --no-sandbox
2023-05-22T20:17:42.806Z INFO devtools: Connect Puppeteer with browser on port 52884
2023-05-22T20:17:42.844Z INFO devtools: COMMAND navigateTo("http://the-internet.herokuapp.com/dynamic_loading/2")
2023-05-22T20:17:43.926Z INFO devtools: RESULT null
2023-05-22T20:17:43.930Z INFO devtools: COMMAND findElement("css selector", "#finish")
2023-05-22T20:17:43.940Z INFO devtools: RESULT Error: Element with selector "#finish" not found
    at DevToolsDriver.findElement (file:///Users/tmjpedro/Documents/work/git/argos-poc/node_modules/devtools/build/utils.js:98:16)
    at processTicksAndRejections (node:internal/process/task_queues:96:5)
    at async Browser.wrappedCommand (file:///Users/tmjpedro/Documents/work/git/argos-poc/node_modules/devtools/build/devtoolsdriver.js:127:26)
    at async Browser.wrapCommandFn (file:///Users/tmjpedro/Documents/work/git/argos-poc/node_modules/@wdio/utils/build/shim.js:72:29)
    at async Browser.$ (file:///Users/tmjpedro/Documents/work/git/argos-poc/node_modules/webdriverio/build/commands/browser/$.js:74:17)
    at async Browser.wrapCommandFn (file:///Users/tmjpedro/Documents/work/git/argos-poc/node_modules/@wdio/utils/build/shim.js:72:29)
    at async Object.executeCommandBe (file:///Users/tmjpedro/Documents/work/git/argos-poc/node_modules/expect-webdriverio/lib/utils.js:41:16)
    at async UserContext.<anonymous> (file:///Users/tmjpedro/Documents/work/git/argos-poc/test/specs/dynamic.spec.ts:6:9)
2023-05-22T20:17:43.946Z INFO devtools: COMMAND findElements("css selector", "#finish")
2023-05-22T20:17:43.949Z INFO devtools: RESULT []
2023-05-22T20:17:43.952Z INFO devtools: COMMAND findElement("xpath", ".//button[normalize-space(text()) = "Start"] | .//button[not(.//button[normalize-space(text()) = "Start"]) and normalize-space() = "Start"]")
2023-05-22T20:17:43.955Z INFO devtools: RESULT { 'element-6066-11e4-a52e-4f735466cecf': 'ELEMENT-1' }
2023-05-22T20:17:43.957Z INFO devtools: COMMAND elementClick("ELEMENT-1")
2023-05-22T20:17:43.971Z INFO devtools: RESULT null
2023-05-22T20:17:43.972Z INFO devtools: COMMAND findElement("css selector", "#finish")
2023-05-22T20:17:43.973Z INFO devtools: RESULT Error: Element with selector "#finish" not found
    at DevToolsDriver.findElement (file:///Users/tmjpedro/Documents/work/git/argos-poc/node_modules/devtools/build/utils.js:98:16)
    at processTicksAndRejections (node:internal/process/task_queues:96:5)
    at async Browser.wrappedCommand (file:///Users/tmjpedro/Documents/work/git/argos-poc/node_modules/devtools/build/devtoolsdriver.js:127:26)
    at async Browser.wrapCommandFn (file:///Users/tmjpedro/Documents/work/git/argos-poc/node_modules/@wdio/utils/build/shim.js:72:29)
    at async Browser.$ (file:///Users/tmjpedro/Documents/work/git/argos-poc/node_modules/webdriverio/build/commands/browser/$.js:74:17)
    at async Browser.wrapCommandFn (file:///Users/tmjpedro/Documents/work/git/argos-poc/node_modules/@wdio/utils/build/shim.js:72:29)
    at async UserContext.<anonymous> (file:///Users/tmjpedro/Documents/work/git/argos-poc/test/specs/dynamic.spec.ts:9:9)
2023-05-22T20:17:43.974Z INFO devtools: COMMAND findElements("css selector", "#finish")
2023-05-22T20:17:43.975Z INFO devtools: RESULT []
2023-05-22T20:17:44.475Z INFO devtools: COMMAND findElements("css selector", "#finish")
2023-05-22T20:17:44.479Z INFO devtools: RESULT []
2023-05-22T20:17:44.975Z INFO devtools: COMMAND findElements("css selector", "#finish")
2023-05-22T20:17:44.977Z INFO devtools: RESULT []
2023-05-22T20:17:45.476Z INFO devtools: COMMAND findElements("css selector", "#finish")
2023-05-22T20:17:45.482Z INFO devtools: RESULT []
2023-05-22T20:17:45.975Z INFO devtools: COMMAND findElements("css selector", "#finish")
2023-05-22T20:17:45.977Z INFO devtools: RESULT []
2023-05-22T20:17:46.476Z INFO devtools: COMMAND findElements("css selector", "#finish")
2023-05-22T20:17:46.478Z INFO devtools: RESULT []
2023-05-22T20:17:46.979Z INFO devtools: COMMAND findElements("css selector", "#finish")
2023-05-22T20:17:46.985Z INFO devtools: RESULT []
2023-05-22T20:17:47.477Z INFO devtools: COMMAND findElements("css selector", "#finish")
2023-05-22T20:17:47.482Z INFO devtools: RESULT []
2023-05-22T20:17:47.981Z INFO devtools: COMMAND findElements("css selector", "#finish")
2023-05-22T20:17:47.986Z INFO devtools: RESULT []
2023-05-22T20:17:48.481Z INFO devtools: COMMAND findElements("css selector", "#finish")
2023-05-22T20:17:48.486Z INFO devtools: RESULT []
2023-05-22T20:17:48.979Z INFO devtools: COMMAND findElements("css selector", "#finish")
2023-05-22T20:17:48.985Z INFO devtools: RESULT [ { 'element-6066-11e4-a52e-4f735466cecf': 'ELEMENT-2' } ]
2023-05-22T20:17:48.988Z INFO devtools: COMMAND findElement("css selector", "#finish")
2023-05-22T20:17:48.989Z INFO devtools: RESULT { 'element-6066-11e4-a52e-4f735466cecf': 'ELEMENT-3' }
2023-05-22T20:17:48.991Z INFO devtools: COMMAND findElements("css selector", "#finish")
2023-05-22T20:17:48.995Z INFO devtools: RESULT [ { 'element-6066-11e4-a52e-4f735466cecf': 'ELEMENT-4' } ]
2023-05-22T20:17:49.000Z INFO devtools: COMMAND deleteSession()
2023-05-22T20:17:49.002Z INFO devtools: RESULT null
